<?xml version="1.0" encoding="UTF-8"?>
<!-- Generated by org.testng.reporters.JUnitReportReporter -->
<testsuite hostname="RITZ-PC" name="scenario2.TestUserStory2" tests="3" failures="0" timestamp="13 Mar 2017 10:11:46 GMT" time="168.054" errors="0">
  <testcase name="calculateRetAmt_test2" time="55.536" classname="scenario2.TestUserStory2"/>
  <testcase name="calculateRetAmt_test1" time="59.484" classname="scenario2.TestUserStory2"/>
  <testcase name="calculateRetAmt_test3" time="53.034" classname="scenario2.TestUserStory2"/>
</testsuite> <!-- scenario2.TestUserStory2 -->
