<?xml version="1.0" encoding="UTF-8"?>
<!-- Generated by org.testng.reporters.JUnitReportReporter -->
<testsuite hostname="RITZ-PC" name="scenario1.TestUserStory1" tests="1" failures="0" timestamp="13 Mar 2017 10:11:46 GMT" time="65.786" errors="0">
  <testcase name="informationIcon" time="65.786" classname="scenario1.TestUserStory1"/>
</testsuite> <!-- scenario1.TestUserStory1 -->
